<?xml version="1.0" encoding="UTF-8"?>
<!-- Generated by org.testng.reporters.JUnitReportReporter -->
<testsuite hostname="LAPTOP-5P6FI4E4" name="com.sample.selenium.test.TestPage" tests="1" failures="0" timestamp="18 Apr 2016 23:29:55 GMT" time="49.532" errors="0">
  <testcase name="test01" time="49.532" classname="com.sample.selenium.test.TestPage"/>
</testsuite> <!-- com.sample.selenium.test.TestPage -->
